[00:02:36] Disconnected from server
[00:02:46] Connected to server oppai.azure.lol:80 (azure)
[00:02:46] Bot nickname has changed to: Guest 22671 [guest]
[00:02:48] Bot nickname has changed to: Delta Emmerald
[00:02:48] Joined room: 1v1 [chat]
[00:32:36] Disconnected from server
[00:32:46] Connected to server oppai.azure.lol:80 (azure)
[00:32:46] Bot nickname has changed to: Guest 22704 [guest]
[00:32:49] Bot nickname has changed to: Delta Emmerald
[00:32:50] Joined room: 1v1 [chat]
[00:36:36] Disconnected from server
[00:36:46] Connected to server oppai.azure.lol:80 (azure)
[00:36:46] Bot nickname has changed to: Guest 22711 [guest]
[00:36:48] Bot nickname has changed to: Delta Emmerald
[00:36:48] Joined room: 1v1 [chat]
[01:20:36] Disconnected from server
[01:20:46] Connected to server oppai.azure.lol:80 (azure)
[01:20:46] Bot nickname has changed to: Guest 22777 [guest]
[01:20:48] Bot nickname has changed to: Delta Emmerald
[01:20:49] Joined room: 1v1 [chat]
[01:26:36] Disconnected from server
[01:26:46] Connected to server oppai.azure.lol:80 (azure)
[01:26:46] Bot nickname has changed to: Guest 22786 [guest]
[01:26:48] Bot nickname has changed to: Delta Emmerald
[01:26:48] Joined room: 1v1 [chat]
[02:12:36] Disconnected from server
[02:12:47] Connected to server oppai.azure.lol:80 (azure)
[02:12:47] Bot nickname has changed to: Guest 22853 [guest]
[02:12:48] Bot nickname has changed to: Delta Emmerald
[02:12:48] Joined room: 1v1 [chat]
[02:32:36] Disconnected from server
[02:32:48] Connected to server oppai.azure.lol:80 (azure)
[02:32:48] Bot nickname has changed to: Guest 22889 [guest]
[02:32:50] Bot nickname has changed to: Delta Emmerald
[02:32:51] Joined room: 1v1 [chat]
[02:44:36] Disconnected from server
[02:44:46] Connected to server oppai.azure.lol:80 (azure)
[02:44:46] Bot nickname has changed to: Guest 22905 [guest]
[02:44:48] Bot nickname has changed to: Delta Emmerald
[02:44:48] Joined room: 1v1 [chat]
[02:48:36] Disconnected from server
[02:48:47] Connected to server oppai.azure.lol:80 (azure)
[02:48:47] Bot nickname has changed to: Guest 22910 [guest]
[02:48:48] Bot nickname has changed to: Delta Emmerald
[02:48:48] Joined room: 1v1 [chat]
[03:12:36] Disconnected from server
[03:12:47] Connected to server oppai.azure.lol:80 (azure)
[03:12:47] Bot nickname has changed to: Guest 22937 [guest]
[03:12:50] Bot nickname has changed to: Delta Emmerald
[03:12:50] Joined room: 1v1 [chat]
[03:38:36] Disconnected from server
[03:38:47] Connected to server oppai.azure.lol:80 (azure)
[03:38:47] Bot nickname has changed to: Guest 22956 [guest]
[03:38:48] Bot nickname has changed to: Delta Emmerald
[03:38:48] Joined room: 1v1 [chat]
[04:20:36] Disconnected from server
[04:20:47] Connected to server oppai.azure.lol:80 (azure)
[04:20:47] Bot nickname has changed to: Guest 22990 [guest]
[04:20:49] Bot nickname has changed to: Delta Emmerald
[04:20:49] Joined room: 1v1 [chat]
[04:26:36] Disconnected from server
[04:26:47] Connected to server oppai.azure.lol:80 (azure)
[04:26:47] Bot nickname has changed to: Guest 22996 [guest]
[04:26:48] Bot nickname has changed to: Delta Emmerald
[04:26:49] Joined room: 1v1 [chat]
[11:37:08] Disconnected from server
[11:37:18] Connected to server oppai.azure.lol:80 (azure)
[11:37:18] Bot nickname has changed to: Guest 63 [guest]
[11:37:21] Bot nickname has changed to: Delta Emmerald
[11:37:22] Joined room: 1v1 [chat]
[11:44:31] Disconnected from server
[11:44:41] Connected to server oppai.azure.lol:80 (azure)
[11:44:41] Bot nickname has changed to: Guest 71 [guest]
[11:44:42] Bot nickname has changed to: Delta Emmerald
[11:44:43] Joined room: 1v1 [chat]
[11:48:30] Disconnected from server
[11:48:40] Connected to server oppai.azure.lol:80 (azure)
[11:48:40] Bot nickname has changed to: Guest 75 [guest]
[11:48:42] Bot nickname has changed to: Delta Emmerald
[11:48:42] Joined room: 1v1 [chat]
[12:14:30] Disconnected from server
[12:14:41] Connected to server oppai.azure.lol:80 (azure)
[12:14:41] Bot nickname has changed to: Guest 105 [guest]
[12:14:42] Bot nickname has changed to: Delta Emmerald
[12:14:42] Joined room: 1v1 [chat]
[12:20:30] Disconnected from server
[12:20:41] Connected to server oppai.azure.lol:80 (azure)
[12:20:41] Bot nickname has changed to: Guest 106 [guest]
[12:20:42] Bot nickname has changed to: Delta Emmerald
[12:20:42] Joined room: 1v1 [chat]
[12:34:30] Disconnected from server
[12:34:42] Connected to server oppai.azure.lol:80 (azure)
[12:34:42] Bot nickname has changed to: Guest 117 [guest]
[12:34:43] Bot nickname has changed to: Delta Emmerald
[12:34:43] Joined room: 1v1 [chat]
[12:50:30] Disconnected from server
[12:50:41] Connected to server oppai.azure.lol:80 (azure)
[12:50:41] Bot nickname has changed to: Guest 128 [guest]
[12:50:43] Bot nickname has changed to: Delta Emmerald
[12:50:43] Joined room: 1v1 [chat]
[12:58:30] Disconnected from server
[12:58:41] Connected to server oppai.azure.lol:80 (azure)
[12:58:41] Bot nickname has changed to: Guest 131 [guest]
[12:58:42] Bot nickname has changed to: Delta Emmerald
[12:58:42] Joined room: 1v1 [chat]
[13:40:30] Disconnected from server
[13:40:41] Connected to server oppai.azure.lol:80 (azure)
[13:40:41] Bot nickname has changed to: Guest 167 [guest]
[13:40:42] Bot nickname has changed to: Delta Emmerald
[13:40:42] Joined room: 1v1 [chat]
[13:46:30] Disconnected from server
[13:46:41] Connected to server oppai.azure.lol:80 (azure)
[13:46:41] Bot nickname has changed to: Guest 173 [guest]
[13:46:42] Bot nickname has changed to: Delta Emmerald
[13:46:43] Joined room: 1v1 [chat]
[13:52:30] Disconnected from server
[13:52:41] Connected to server oppai.azure.lol:80 (azure)
[13:52:41] Bot nickname has changed to: Guest 181 [guest]
[13:52:42] Bot nickname has changed to: Delta Emmerald
[13:52:43] Joined room: 1v1 [chat]
[15:44:31] Disconnected from server
[15:44:41] Connected to server oppai.azure.lol:80 (azure)
[15:44:41] Bot nickname has changed to: Guest 354 [guest]
[15:44:43] Bot nickname has changed to: Delta Emmerald
[15:44:43] Joined room: 1v1 [chat]
[17:10:31] Disconnected from server
[17:10:41] Connected to server oppai.azure.lol:80 (azure)
[17:10:41] Bot nickname has changed to: Guest 523 [guest]
[17:10:43] Bot nickname has changed to: Delta Emmerald
[17:10:44] Joined room: 1v1 [chat]
[17:28:31] Disconnected from server
[17:28:41] Connected to server oppai.azure.lol:80 (azure)
[17:28:41] Bot nickname has changed to: Guest 566 [guest]
[17:28:43] Bot nickname has changed to: Delta Emmerald
[17:28:43] Joined room: 1v1 [chat]
[18:30:31] Disconnected from server
[18:30:42] Connected to server oppai.azure.lol:80 (azure)
[18:30:42] Bot nickname has changed to: Guest 691 [guest]
[18:30:55] Bot nickname has changed to: Delta Emmerald
[18:30:55] Joined room: 1v1 [chat]
[18:42:31] Disconnected from server
[18:42:41] Connected to server oppai.azure.lol:80 (azure)
[18:42:41] Bot nickname has changed to: Guest 713 [guest]
[18:42:47] Bot nickname has changed to: Delta Emmerald
[18:42:48] Joined room: 1v1 [chat]
[20:46:31] Disconnected from server
[20:46:42] Connected to server oppai.azure.lol:80 (azure)
[20:46:42] Bot nickname has changed to: Guest 947 [guest]
[20:46:43] Bot nickname has changed to: Delta Emmerald
[20:46:44] Joined room: 1v1 [chat]
[21:08:31] Disconnected from server
[21:08:42] Connected to server oppai.azure.lol:80 (azure)
[21:08:42] Bot nickname has changed to: Guest 984 [guest]
[21:08:43] Bot nickname has changed to: Delta Emmerald
[21:08:44] Joined room: 1v1 [chat]
[21:18:31] Disconnected from server
[21:18:42] Connected to server oppai.azure.lol:80 (azure)
[21:18:42] Bot nickname has changed to: Guest 1006 [guest]
[21:18:43] Bot nickname has changed to: Delta Emmerald
[21:18:44] Joined room: 1v1 [chat]
[21:22:31] Disconnected from server
[21:22:42] Connected to server oppai.azure.lol:80 (azure)
[21:22:42] Bot nickname has changed to: Guest 1011 [guest]
[21:22:44] Bot nickname has changed to: Delta Emmerald
[21:22:45] Joined room: 1v1 [chat]
[21:30:32] Disconnected from server
[21:30:42] Connected to server oppai.azure.lol:80 (azure)
[21:30:42] Bot nickname has changed to: Guest 1030 [guest]
[21:30:43] Bot nickname has changed to: Delta Emmerald
[21:30:43] Joined room: 1v1 [chat]
[21:48:32] Disconnected from server
[21:48:42] Connected to server oppai.azure.lol:80 (azure)
[21:48:42] Bot nickname has changed to: Guest 1062 [guest]
[21:48:43] Bot nickname has changed to: Delta Emmerald
[21:48:44] Joined room: 1v1 [chat]
[21:54:32] Disconnected from server
[21:54:42] Connected to server oppai.azure.lol:80 (azure)
[21:54:42] Bot nickname has changed to: Guest 1069 [guest]
[21:54:43] Bot nickname has changed to: Delta Emmerald
[21:54:44] Joined room: 1v1 [chat]
[22:12:32] Disconnected from server
[22:12:42] Connected to server oppai.azure.lol:80 (azure)
[22:12:42] Bot nickname has changed to: Guest 1091 [guest]
[22:12:43] Bot nickname has changed to: Delta Emmerald
[22:12:44] Joined room: 1v1 [chat]
[22:42:32] Disconnected from server
[22:42:42] Connected to server oppai.azure.lol:80 (azure)
[22:42:42] Bot nickname has changed to: Guest 1129 [guest]
[22:42:43] Bot nickname has changed to: Delta Emmerald
[22:42:44] Joined room: 1v1 [chat]
[23:02:32] Disconnected from server
[23:02:42] Connected to server oppai.azure.lol:80 (azure)
[23:02:42] Bot nickname has changed to: Guest 1155 [guest]
[23:02:43] Bot nickname has changed to: Delta Emmerald
[23:02:44] Joined room: 1v1 [chat]
[23:14:32] Disconnected from server
[23:14:42] Connected to server oppai.azure.lol:80 (azure)
[23:14:42] Bot nickname has changed to: Guest 1166 [guest]
[23:14:43] Bot nickname has changed to: Delta Emmerald
[23:14:44] Joined room: 1v1 [chat]
