[00:12:32] Disconnected from server
[00:12:42] Connected to server oppai.azure.lol:80 (azure)
[00:12:42] Bot nickname has changed to: Guest 1261 [guest]
[00:12:44] Bot nickname has changed to: Delta Emmerald
[00:12:44] Joined room: 1v1 [chat]
[00:22:32] Disconnected from server
[00:22:42] Connected to server oppai.azure.lol:80 (azure)
[00:22:42] Bot nickname has changed to: Guest 1279 [guest]
[00:22:43] Bot nickname has changed to: Delta Emmerald
[00:22:44] Joined room: 1v1 [chat]
[01:06:32] Disconnected from server
[01:06:43] Connected to server oppai.azure.lol:80 (azure)
[01:06:43] Bot nickname has changed to: Guest 1334 [guest]
[01:06:46] Bot nickname has changed to: Delta Emmerald
[01:06:47] Joined room: 1v1 [chat]
[01:12:32] Disconnected from server
[01:12:42] Connected to server oppai.azure.lol:80 (azure)
[01:12:42] Bot nickname has changed to: Guest 1343 [guest]
[01:12:44] Bot nickname has changed to: Delta Emmerald
[01:12:44] Joined room: 1v1 [chat]
[02:12:32] Disconnected from server
[02:12:43] Connected to server oppai.azure.lol:80 (azure)
[02:12:43] Bot nickname has changed to: Guest 1410 [guest]
[02:12:44] Bot nickname has changed to: Delta Emmerald
[02:12:45] Joined room: 1v1 [chat]
[02:34:32] Disconnected from server
[02:34:43] Connected to server oppai.azure.lol:80 (azure)
[02:34:43] Bot nickname has changed to: Guest 1435 [guest]
[02:34:44] Bot nickname has changed to: Delta Emmerald
[02:34:44] Joined room: 1v1 [chat]
[02:38:32] Disconnected from server
[02:38:43] Connected to server oppai.azure.lol:80 (azure)
[02:38:43] Bot nickname has changed to: Guest 1441 [guest]
[02:38:44] Bot nickname has changed to: Delta Emmerald
[02:38:44] Joined room: 1v1 [chat]
[02:48:32] Disconnected from server
[02:48:43] Connected to server oppai.azure.lol:80 (azure)
[02:48:43] Bot nickname has changed to: Guest 1452 [guest]
[02:48:44] Bot nickname has changed to: Delta Emmerald
[02:48:45] Joined room: 1v1 [chat]
[02:52:32] Disconnected from server
[02:52:43] Connected to server oppai.azure.lol:80 (azure)
[02:52:43] Bot nickname has changed to: Guest 1456 [guest]
[02:52:44] Bot nickname has changed to: Delta Emmerald
[02:52:44] Joined room: 1v1 [chat]
[03:08:32] Disconnected from server
[03:08:43] Connected to server oppai.azure.lol:80 (azure)
[03:08:43] Bot nickname has changed to: Guest 1476 [guest]
[03:08:44] Bot nickname has changed to: Delta Emmerald
[03:08:45] Joined room: 1v1 [chat]
[03:18:32] Disconnected from server
[03:18:43] Connected to server oppai.azure.lol:80 (azure)
[03:18:43] Bot nickname has changed to: Guest 1494 [guest]
[03:18:44] Bot nickname has changed to: Delta Emmerald
[03:18:45] Joined room: 1v1 [chat]
[03:44:32] Disconnected from server
[03:44:43] Connected to server oppai.azure.lol:80 (azure)
[03:44:43] Bot nickname has changed to: Guest 1535 [guest]
[03:44:45] Bot nickname has changed to: Delta Emmerald
[03:44:45] Joined room: 1v1 [chat]
[03:48:32] Disconnected from server
[03:48:43] Connected to server oppai.azure.lol:80 (azure)
[03:48:43] Bot nickname has changed to: Guest 1540 [guest]
[03:48:44] Bot nickname has changed to: Delta Emmerald
[03:48:45] Joined room: 1v1 [chat]
[04:10:51] Joined room: battle-gen7randombattle-34811 [battle]
[04:10:51] MAJOR FAILED: Unexpected end of JSON input
args: 
kwargs: {}
room: battle-gen7randombattle-34811
SyntaxError: Unexpected end of JSON input
    at JSON.parse (<anonymous>)
    at Battle.request (C:\Users\Daniel\Desktop\Bot\Pokemon-Showdown-Node-Bot-master\features\battle\battle-ai\battle-majors.js:15:23)
    at Battle.exports.Battle.Battle.runMajor (C:\Users\Daniel\Desktop\Bot\Pokemon-Showdown-Node-Bot-master\features\battle\battle-ai\battle.js:299:12)
    at Battle.exports.Battle.Battle.run (C:\Users\Daniel\Desktop\Bot\Pokemon-Showdown-Node-Bot-master\features\battle\battle-ai\battle.js:258:10)
    at Battle.exports.Battle.Battle.add (C:\Users\Daniel\Desktop\Bot\Pokemon-Showdown-Node-Bot-master\features\battle\battle-ai\battle.js:235:8)
    at Object.receive (C:\Users\Daniel\Desktop\Bot\Pokemon-Showdown-Node-Bot-master\features\battle\battle-ai\index.js:72:23)
    at Object.exports.parse (C:\Users\Daniel\Desktop\Bot\Pokemon-Showdown-Node-Bot-master\features\battle\index.js:42:13)
    at MyEmitter.<anonymous> (C:\Users\Daniel\Desktop\Bot\Pokemon-Showdown-Node-Bot-master\index.js:423:61)
    at emitMany (events.js:147:13)
    at MyEmitter.emit (events.js:224:7)
[04:15:16] Left room: battle-gen7randombattle-34811 [battle]
[04:22:33] Disconnected from server
[04:22:43] Connected to server oppai.azure.lol:80 (azure)
[04:22:43] Bot nickname has changed to: Guest 1585 [guest]
[04:22:44] Bot nickname has changed to: Delta Emmerald
[04:22:44] Joined room: 1v1 [chat]
[04:44:33] Disconnected from server
[04:44:43] Connected to server oppai.azure.lol:80 (azure)
[04:44:43] Bot nickname has changed to: Guest 1611 [guest]
[04:44:44] Bot nickname has changed to: Delta Emmerald
[04:44:45] Joined room: 1v1 [chat]
[05:04:33] Disconnected from server
[05:04:43] Connected to server oppai.azure.lol:80 (azure)
[05:04:43] Bot nickname has changed to: Guest 1633 [guest]
[05:04:45] Bot nickname has changed to: Delta Emmerald
[05:04:45] Joined room: 1v1 [chat]
[05:10:33] Disconnected from server
[05:10:43] Connected to server oppai.azure.lol:80 (azure)
[05:10:43] Bot nickname has changed to: Guest 1638 [guest]
[05:10:45] Bot nickname has changed to: Delta Emmerald
[05:10:45] Joined room: 1v1 [chat]
[05:16:33] Disconnected from server
[05:16:43] Connected to server oppai.azure.lol:80 (azure)
[05:16:43] Bot nickname has changed to: Guest 1648 [guest]
[05:16:45] Bot nickname has changed to: Delta Emmerald
[05:16:45] Joined room: 1v1 [chat]
[05:25:16] Joined room: battle-gen7azuremonschallengecup1v1-34838 [battle]
[05:25:16] MAJOR FAILED: Unexpected end of JSON input
args: 
kwargs: {}
room: battle-gen7azuremonschallengecup1v1-34838
SyntaxError: Unexpected end of JSON input
    at JSON.parse (<anonymous>)
    at Battle.request (C:\Users\Daniel\Desktop\Bot\Pokemon-Showdown-Node-Bot-master\features\battle\battle-ai\battle-majors.js:15:23)
    at Battle.exports.Battle.Battle.runMajor (C:\Users\Daniel\Desktop\Bot\Pokemon-Showdown-Node-Bot-master\features\battle\battle-ai\battle.js:299:12)
    at Battle.exports.Battle.Battle.run (C:\Users\Daniel\Desktop\Bot\Pokemon-Showdown-Node-Bot-master\features\battle\battle-ai\battle.js:258:10)
    at Battle.exports.Battle.Battle.add (C:\Users\Daniel\Desktop\Bot\Pokemon-Showdown-Node-Bot-master\features\battle\battle-ai\battle.js:235:8)
    at Object.receive (C:\Users\Daniel\Desktop\Bot\Pokemon-Showdown-Node-Bot-master\features\battle\battle-ai\index.js:72:23)
    at Object.exports.parse (C:\Users\Daniel\Desktop\Bot\Pokemon-Showdown-Node-Bot-master\features\battle\index.js:42:13)
    at MyEmitter.<anonymous> (C:\Users\Daniel\Desktop\Bot\Pokemon-Showdown-Node-Bot-master\index.js:423:61)
    at emitMany (events.js:147:13)
    at MyEmitter.emit (events.js:224:7)
[05:25:53] Left room: battle-gen7azuremonschallengecup1v1-34838 [battle]
[05:46:33] Disconnected from server
[05:46:43] Connected to server oppai.azure.lol:80 (azure)
[05:46:43] Bot nickname has changed to: Guest 1681 [guest]
[05:46:44] Bot nickname has changed to: Delta Emmerald
[05:46:45] Joined room: 1v1 [chat]
[05:58:52] Disconnected from server
[15:49:27] Monitor failed: Connection issue. Reconnecting...
[15:50:02] Connected to server oppai.azure.lol:80 (azure)
[15:50:03] Bot nickname has changed to: Guest 2225 [guest]
[15:50:04] Bot nickname has changed to: Delta Emmerald
[15:50:05] Joined room: 1v1 [chat]
[16:41:28] Disconnected from server
[16:41:45] Connected to server oppai.azure.lol:80 (azure)
[16:41:45] Bot nickname has changed to: Guest 2309 [guest]
[16:41:57] Bot nickname has changed to: Delta Emmerald
[16:42:20] Joined room: 1v1 [chat]
[16:42:22] Disconnected from server
[16:42:32] Connected to server oppai.azure.lol:80 (azure)
[16:42:32] Bot nickname has changed to: Guest 2312 [guest]
[16:42:34] Bot nickname has changed to: Delta Emmerald
[16:42:35] Joined room: 1v1 [chat]
[17:15:28] Disconnected from server
[17:15:38] Connected to server oppai.azure.lol:80 (azure)
[17:15:38] Bot nickname has changed to: Guest 2367 [guest]
[17:15:39] Bot nickname has changed to: Delta Emmerald
[17:15:40] Joined room: 1v1 [chat]
[18:09:28] Disconnected from server
[18:09:38] Connected to server oppai.azure.lol:80 (azure)
[18:09:38] Bot nickname has changed to: Guest 2467 [guest]
[18:09:40] Bot nickname has changed to: Delta Emmerald
[18:09:41] Joined room: 1v1 [chat]
[19:13:28] Disconnected from server
[19:13:38] Connected to server oppai.azure.lol:80 (azure)
[19:13:38] Bot nickname has changed to: Guest 2571 [guest]
[19:13:40] Bot nickname has changed to: Delta Emmerald
[19:13:41] Joined room: 1v1 [chat]
[19:53:28] Disconnected from server
[19:53:39] Connected to server oppai.azure.lol:80 (azure)
[19:53:39] Bot nickname has changed to: Guest 2635 [guest]
[19:53:54] Bot nickname has changed to: Delta Emmerald
[19:53:54] Joined room: 1v1 [chat]
[19:59:28] Disconnected from server
[19:59:38] Connected to server oppai.azure.lol:80 (azure)
[19:59:38] Bot nickname has changed to: Guest 2639 [guest]
[19:59:40] Bot nickname has changed to: Delta Emmerald
[19:59:40] Joined room: 1v1 [chat]
[20:03:28] Disconnected from server
[20:03:38] Connected to server oppai.azure.lol:80 (azure)
[20:03:38] Bot nickname has changed to: Guest 2644 [guest]
[20:03:41] Bot nickname has changed to: Delta Emmerald
[20:03:42] Joined room: 1v1 [chat]
[23:22:00] Disconnected from server
[23:22:11] Connected to server oppai.azure.lol:80 (azure)
[23:22:11] Bot nickname has changed to: Guest 2979 [guest]
[23:22:27] Bot nickname has changed to: Delta Emmerald
[23:22:51] Joined room: 1v1 [chat]
[23:22:51] Disconnected from server
[23:23:01] Connected to server oppai.azure.lol:80 (azure)
[23:23:01] Bot nickname has changed to: Guest 2982 [guest]
[23:23:05] Bot nickname has changed to: Delta Emmerald
[23:23:06] Joined room: 1v1 [chat]
[23:27:48] Disconnected from server
[23:27:59] Connected to server oppai.azure.lol:80 (azure)
[23:27:59] Bot nickname has changed to: Guest 2991 [guest]
[23:28:00] Bot nickname has changed to: Delta Emmerald
[23:28:01] Joined room: 1v1 [chat]
[23:43:48] Disconnected from server
[23:43:59] Connected to server oppai.azure.lol:80 (azure)
[23:43:59] Bot nickname has changed to: Guest 3019 [guest]
[23:44:01] Bot nickname has changed to: Delta Emmerald
[23:44:01] Joined room: 1v1 [chat]
