[00:41:48] Disconnected from server
[00:41:59] Connected to server oppai.azure.lol:80 (azure)
[00:41:59] Bot nickname has changed to: Guest 3110 [guest]
[00:42:00] Bot nickname has changed to: Delta Emmerald
[00:42:01] Joined room: 1v1 [chat]
[00:59:48] Disconnected from server
[00:59:59] Connected to server oppai.azure.lol:80 (azure)
[00:59:59] Bot nickname has changed to: Guest 3132 [guest]
[01:00:00] Bot nickname has changed to: Delta Emmerald
[01:00:01] Joined room: 1v1 [chat]
[02:35:49] Disconnected from server
[02:35:59] Connected to server oppai.azure.lol:80 (azure)
[02:35:59] Bot nickname has changed to: Guest 3259 [guest]
[02:36:00] Bot nickname has changed to: Delta Emmerald
[02:36:01] Joined room: 1v1 [chat]
[03:19:49] Disconnected from server
[03:19:59] Connected to server oppai.azure.lol:80 (azure)
[03:19:59] Bot nickname has changed to: Guest 3302 [guest]
[03:20:01] Bot nickname has changed to: Delta Emmerald
[03:20:02] Joined room: 1v1 [chat]
[03:57:49] Disconnected from server
[03:57:59] Connected to server oppai.azure.lol:80 (azure)
[03:57:59] Bot nickname has changed to: Guest 3344 [guest]
[03:58:00] Bot nickname has changed to: Delta Emmerald
[03:58:01] Joined room: 1v1 [chat]
[04:07:49] Disconnected from server
[04:07:59] Connected to server oppai.azure.lol:80 (azure)
[04:07:59] Bot nickname has changed to: Guest 3361 [guest]
[04:08:00] Bot nickname has changed to: Delta Emmerald
[04:08:01] Joined room: 1v1 [chat]
[04:11:49] Disconnected from server
[04:11:59] Connected to server oppai.azure.lol:80 (azure)
[04:11:59] Bot nickname has changed to: Guest 3365 [guest]
[04:12:00] Bot nickname has changed to: Delta Emmerald
[04:12:01] Joined room: 1v1 [chat]
[04:19:49] Disconnected from server
[04:19:59] Connected to server oppai.azure.lol:80 (azure)
[04:19:59] Bot nickname has changed to: Guest 3373 [guest]
[04:20:01] Bot nickname has changed to: Delta Emmerald
[04:20:01] Joined room: 1v1 [chat]
[04:21:03] Bot nickname has changed to: Delta Emmerald
[04:22:26] Bot nickname has changed to: Delta * Emmerald
[04:23:29] Bot nickname has changed to: DeltaEmmerald
[04:23:42] Bot nickname has changed to: DeltaEmmerald
[04:23:49] Bot nickname has changed to: Delta * Emmerald
[04:23:57] Bot nickname has changed to: Delta ** Emmerald
[04:24:09] Bot nickname has changed to: Delta *** Emmerald
[04:26:19] Bot nickname has changed to: DeltaEmerald Bot
[04:31:25] Bot nickname has changed to: DeltaEmerald Bot
[04:32:20] Bot nickname has changed to: Guest 2979 [guest]
[04:35:08] Connected to server oppai.azure.lol:80 (azure)
[04:35:08] Bot nickname has changed to: Guest 3394 [guest]
[04:35:11] Bot nickname has changed to: Delta Emmerald
[04:35:11] Joined room: 1v1 [chat]
[04:45:08] Disconnected from server
[04:45:18] Connected to server oppai.azure.lol:80 (azure)
[04:45:18] Bot nickname has changed to: Guest 3404 [guest]
[04:45:20] Bot nickname has changed to: Delta Emmerald
[04:45:20] Joined room: 1v1 [chat]
[04:49:08] Disconnected from server
[04:49:18] Connected to server oppai.azure.lol:80 (azure)
[04:49:18] Bot nickname has changed to: Guest 3405 [guest]
[04:49:20] Bot nickname has changed to: Delta Emmerald
[04:49:20] Joined room: 1v1 [chat]
[04:57:08] Disconnected from server
[04:57:19] Connected to server oppai.azure.lol:80 (azure)
[04:57:19] Bot nickname has changed to: Guest 3414 [guest]
[04:57:20] Bot nickname has changed to: Delta Emmerald
[04:57:20] Joined room: 1v1 [chat]
[05:01:08] Disconnected from server
[05:01:18] Connected to server oppai.azure.lol:80 (azure)
[05:01:18] Bot nickname has changed to: Guest 3417 [guest]
[05:01:20] Bot nickname has changed to: Delta Emmerald
[05:01:20] Joined room: 1v1 [chat]
[05:09:08] Disconnected from server
[05:09:18] Connected to server oppai.azure.lol:80 (azure)
[05:09:18] Bot nickname has changed to: Guest 3426 [guest]
[05:09:20] Bot nickname has changed to: Delta Emmerald
[05:09:20] Joined room: 1v1 [chat]
[05:09:36] Connected to server oppai.azure.lol:80 (azure)
[05:09:36] Bot nickname has changed to: Guest 3428 [guest]
[05:09:37] Bot nickname has changed to: DeltaEmerald Bot
[05:09:38] Joined room: 1v1 [chat]
[05:15:36] Disconnected from server
[05:15:47] Connected to server oppai.azure.lol:80 (azure)
[05:15:47] Bot nickname has changed to: Guest 3432 [guest]
[05:15:48] Bot nickname has changed to: DeltaEmerald Bot
[05:15:48] Joined room: 1v1 [chat]
[05:21:36] Disconnected from server
[05:21:46] Connected to server oppai.azure.lol:80 (azure)
[05:21:46] Bot nickname has changed to: Guest 3435 [guest]
[05:21:47] Bot nickname has changed to: DeltaEmerald Bot
[05:21:48] Joined room: 1v1 [chat]
[13:22:52] Disconnected from server
[13:23:03] Connected to server oppai.azure.lol:80 (azure)
[13:23:03] Bot nickname has changed to: Guest 3782 [guest]
[13:23:04] Bot nickname has changed to: DeltaEmerald Bot
[13:23:05] Joined room: 1v1 [chat]
[13:56:23] Disconnected from server
[13:56:36] Connected to server oppai.azure.lol:80 (azure)
[13:56:37] Bot nickname has changed to: Guest 3833 [guest]
[13:56:41] Bot nickname has changed to: DeltaEmerald Bot
[13:56:42] Joined room: 1v1 [chat]
[14:20:23] Disconnected from server
[14:20:33] Connected to server oppai.azure.lol:80 (azure)
[14:20:33] Bot nickname has changed to: Guest 3855 [guest]
[14:20:35] Bot nickname has changed to: DeltaEmerald Bot
[14:20:35] Joined room: 1v1 [chat]
[14:28:23] Disconnected from server
[14:28:33] Connected to server oppai.azure.lol:80 (azure)
[14:28:33] Bot nickname has changed to: Guest 3869 [guest]
[14:28:35] Bot nickname has changed to: DeltaEmerald Bot
[14:28:35] Joined room: 1v1 [chat]
[14:34:23] Disconnected from server
[14:34:33] Connected to server oppai.azure.lol:80 (azure)
[14:34:33] Bot nickname has changed to: Guest 3872 [guest]
[14:34:35] Bot nickname has changed to: DeltaEmerald Bot
[14:34:35] Joined room: 1v1 [chat]
[14:56:23] Disconnected from server
[14:56:33] Connected to server oppai.azure.lol:80 (azure)
[14:56:33] Bot nickname has changed to: Guest 3901 [guest]
[14:56:36] Bot nickname has changed to: DeltaEmerald Bot
[14:56:36] Joined room: 1v1 [chat]
[15:16:19] Bot nickname has changed to: danet
[15:16:49] Connected to server oppai.azure.lol:80 (azure)
[15:16:49] Bot nickname has changed to: Guest 3946 [guest]
[15:16:50] Bot nickname has changed to: DeltaEmerald Bot
[15:16:51] Joined room: 1v1 [chat]
[15:18:09] Bot nickname has changed to: danet
[15:19:06] Connected to server oppai.azure.lol:80 (azure)
[15:19:06] Bot nickname has changed to: Guest 3951 [guest]
[15:19:07] Bot nickname has changed to: DeltaEmerald Bot
[15:19:08] Joined room: 1v1 [chat]
[16:31:06] Disconnected from server
[16:31:16] Connected to server oppai.azure.lol:80 (azure)
[16:31:16] Bot nickname has changed to: Guest 4086 [guest]
[16:31:18] Bot nickname has changed to: DeltaEmerald Bot
[16:31:18] Joined room: 1v1 [chat]
[16:53:06] Disconnected from server
[16:53:16] Connected to server oppai.azure.lol:80 (azure)
[16:53:16] Bot nickname has changed to: Guest 4116 [guest]
[16:53:18] Bot nickname has changed to: DeltaEmerald Bot
[16:53:18] Joined room: 1v1 [chat]
[16:57:06] Disconnected from server
[16:57:16] Connected to server oppai.azure.lol:80 (azure)
[16:57:16] Bot nickname has changed to: Guest 4126 [guest]
[16:57:17] Bot nickname has changed to: DeltaEmerald Bot
[16:57:18] Joined room: 1v1 [chat]
[17:21:06] Disconnected from server
[17:21:16] Connected to server oppai.azure.lol:80 (azure)
[17:21:16] Bot nickname has changed to: Guest 4156 [guest]
[17:21:18] Bot nickname has changed to: DeltaEmerald Bot
[17:21:18] Joined room: 1v1 [chat]
[18:13:06] Disconnected from server
[18:13:16] Connected to server oppai.azure.lol:80 (azure)
[18:13:16] Bot nickname has changed to: Guest 4224 [guest]
[18:13:19] Bot nickname has changed to: DeltaEmerald Bot
[18:13:19] Joined room: 1v1 [chat]
[18:17:06] Disconnected from server
[18:17:16] Connected to server oppai.azure.lol:80 (azure)
[18:17:16] Bot nickname has changed to: Guest 4227 [guest]
[18:17:18] Bot nickname has changed to: DeltaEmerald Bot
[18:17:18] Joined room: 1v1 [chat]
[20:40:57] Disconnected from server
[20:41:10] Connected to server oppai.azure.lol:80 (azure)
[20:41:10] Bot nickname has changed to: Guest 4492 [guest]
[20:41:17] Bot nickname has changed to: DeltaEmerald Bot
[20:41:17] Joined room: 1v1 [chat]
[21:30:34] Disconnected from server
[21:30:45] Connected to server oppai.azure.lol:80 (azure)
[21:30:45] Bot nickname has changed to: Guest 4569 [guest]
[21:30:47] Bot nickname has changed to: DeltaEmerald Bot
[21:30:47] Joined room: 1v1 [chat]
[21:48:34] Disconnected from server
[21:48:45] Connected to server oppai.azure.lol:80 (azure)
[21:48:45] Bot nickname has changed to: Guest 4597 [guest]
[21:48:47] Bot nickname has changed to: DeltaEmerald Bot
[21:48:47] Joined room: 1v1 [chat]
[22:40:35] Disconnected from server
[22:40:45] Connected to server oppai.azure.lol:80 (azure)
[22:40:45] Bot nickname has changed to: Guest 4702 [guest]
[22:40:47] Bot nickname has changed to: DeltaEmerald Bot
[22:40:47] Joined room: 1v1 [chat]
[22:48:34] Disconnected from server
[22:48:45] Connected to server oppai.azure.lol:80 (azure)
[22:48:45] Bot nickname has changed to: Guest 4715 [guest]
[22:48:46] Bot nickname has changed to: DeltaEmerald Bot
[22:48:47] Joined room: 1v1 [chat]
[22:56:34] Disconnected from server
[22:56:46] Connected to server oppai.azure.lol:80 (azure)
[22:56:46] Bot nickname has changed to: Guest 4728 [guest]
[22:56:48] Bot nickname has changed to: DeltaEmerald Bot
[22:56:48] Joined room: 1v1 [chat]
[23:04:34] Disconnected from server
[23:04:45] Connected to server oppai.azure.lol:80 (azure)
[23:04:45] Bot nickname has changed to: Guest 4743 [guest]
[23:04:46] Bot nickname has changed to: DeltaEmerald Bot
[23:04:47] Joined room: 1v1 [chat]
